<?xml version="1.0" encoding="UTF-8"?>
<!-- Generated by org.testng.reporters.JUnitReportReporter -->
<testsuite hostname="lp-5cd2297ngc" failures="0" tests="3" name="com.qa.tests.CreateGoRestUserTest" time="4.939" errors="0" timestamp="2024-05-07T03:08:37 PDT" skipped="0">
  <testcase classname="com.qa.tests.CreateGoRestUserTest" name="createUserTest" time="1.680"/>
  <testcase classname="com.qa.tests.CreateGoRestUserTest" name="createUserTest" time="1.326"/>
  <testcase classname="com.qa.tests.CreateGoRestUserTest" name="createUserTest" time="1.933"/>
</testsuite> <!-- com.qa.tests.CreateGoRestUserTest -->
