<?xml version="1.0" encoding="UTF-8"?>
<!-- Generated by org.testng.reporters.JUnitReportReporter -->
<testsuite hostname="lp-5cd2297ngc" failures="0" tests="3" name="com.qa.tests.CreateGoRestUserTest" time="4.868" errors="0" timestamp="2024-05-30T23:55:55 PDT" skipped="0">
  <testcase classname="com.qa.tests.CreateGoRestUserTest" name="createUserTest" time="1.713"/>
  <testcase classname="com.qa.tests.CreateGoRestUserTest" name="createUserTest" time="1.335"/>
  <testcase classname="com.qa.tests.CreateGoRestUserTest" name="createUserTest" time="1.820"/>
</testsuite> <!-- com.qa.tests.CreateGoRestUserTest -->
