<?xml version="1.0" encoding="UTF-8"?>
<!-- Generated by org.testng.reporters.JUnitReportReporter -->
<testsuite hostname="DESKTOP-FPHIKD9" failures="0" tests="3" name="com.qa.tests.ObjectUserTest" time="1.791" errors="0" timestamp="2024-04-25T19:39:34 IST" skipped="1">
  <testcase classname="com.qa.tests.ObjectUserTest" name="createObjectUserTest" time="1.240"/>
  <testcase classname="com.qa.tests.ObjectUserTest" name="updateObjectUserTest" time="0.551"/>
  <testcase classname="com.qa.tests.ObjectUserTest" name="deleteObjectUserTest">
    <skipped/>
  </testcase> <!-- deleteObjectUserTest -->
</testsuite> <!-- com.qa.tests.ObjectUserTest -->
