<?xml version="1.0" encoding="UTF-8"?>
<!-- Generated by org.testng.reporters.JUnitReportReporter -->
<testsuite hostname="DESKTOP-FPHIKD9" failures="0" tests="3" name="com.qa.tests.GetUserTest" time="4.700" errors="0" timestamp="2024-04-21T18:05:06 IST" skipped="1">
  <testcase classname="com.qa.tests.GetUserTest" name="getUserWithQueryParamsTest" time="0.295"/>
  <testcase classname="com.qa.tests.GetUserTest" name="getAllUsersTest" time="4.405"/>
  <testcase classname="com.qa.tests.GetUserTest" name="getUserTest">
    <skipped/>
  </testcase> <!-- getUserTest -->
</testsuite> <!-- com.qa.tests.GetUserTest -->
