<?xml version="1.0" encoding="UTF-8"?>
<!-- Generated by org.testng.reporters.JUnitReportReporter -->
<testsuite hostname="DESKTOP-FPHIKD9" failures="0" tests="3" name="com.qa.tests.CreateUserTest" time="3.863" errors="0" timestamp="2024-04-24T11:01:47 IST" skipped="2">
  <testcase classname="com.qa.tests.CreateUserTest" name="deleteJsonTest" time="3.863"/>
  <testcase classname="com.qa.tests.CreateUserTest" name="createJsonTest">
    <skipped/>
  </testcase> <!-- createJsonTest -->
  <testcase classname="com.qa.tests.CreateUserTest" name="updateJsonTest">
    <skipped/>
  </testcase> <!-- updateJsonTest -->
</testsuite> <!-- com.qa.tests.CreateUserTest -->
