<?xml version="1.0" encoding="UTF-8"?>
<!-- Generated by org.testng.reporters.JUnitReportReporter -->
<testsuite hostname="lp-5cd2297ngc" failures="0" tests="1" name="com.qa.tests.AmadeusAPITest" time="6.624" errors="0" timestamp="2024-05-30T23:55:55 PDT" skipped="0">
  <testcase classname="com.qa.tests.AmadeusAPITest" name="getFlightInfo" time="6.624"/>
</testsuite> <!-- com.qa.tests.AmadeusAPITest -->
